# JRE version: OpenJDK Runtime Environment (8.0_45-b14) (build 1.8.0_45-internal-b14)
# Java VM: OpenJDK 64-Bit Server VM (25.45-b02 mixed mode linux-amd64 compressed oops)
Heap:
 PSYoungGen      total 626176K, used 266651K [0x00000000d7b80000, 0x00000000ffc80000, 0x0000000100000000)
  eden space 612864K, 43% used [0x00000000d7b80000,0x00000000e7f3ac00,0x00000000fd200000)
  from space 13312K, 5% used [0x00000000fd200000,0x00000000fd2ac030,0x00000000fdf00000)
  to   space 12288K, 0% used [0x00000000ff080000,0x00000000ff080000,0x00000000ffc80000)
 ParOldGen       total 325632K, used 179146K [0x0000000087200000, 0x000000009b000000, 0x00000000d7b80000)
  object space 325632K, 55% used [0x0000000087200000,0x00000000920f29b8,0x000000009b000000)
 Metaspace       used 50382K, capacity 51218K, committed 51544K, reserved 1095680K
  class space    used 5621K, capacity 5889K, committed 6016K, reserved 1048576K
GC Heap History (10 events):
Event: 1002.861 GC heap before
{Heap before GC invocations=667 (full 12):
 PSYoungGen      total 636416K, used 616544K [0x00000000d7b80000, 0x00000000ffb80000, 0x0000000100000000)
  eden space 616448K, 100% used [0x00000000d7b80000,0x00000000fd580000,0x00000000fd580000)
  from space 19968K, 0% used [0x00000000fe800000,0x00000000fe818000,0x00000000ffb80000)
  to   space 18944K, 0% used [0x00000000fd580000,0x00000000fd580000,0x00000000fe800000)
 ParOldGen       total 325632K, used 179138K [0x0000000087200000, 0x000000009b000000, 0x00000000d7b80000)
  object space 325632K, 55% used [0x0000000087200000,0x00000000920f09b8,0x000000009b000000)
 Metaspace       used 50380K, capacity 51216K, committed 51416K, reserved 1095680K
  class space    used 5620K, capacity 5888K, committed 5888K, reserved 1048576K
Event: 1002.866 GC heap after
Heap after GC invocations=667 (full 12):
 PSYoungGen      total 591872K, used 598K [0x00000000d7b80000, 0x00000000fe880000, 0x0000000100000000)
  eden space 590848K, 0% used [0x00000000d7b80000,0x00000000d7b80000,0x00000000fbc80000)
  from space 1024K, 58% used [0x00000000fd580000,0x00000000fd615ac0,0x00000000fd680000)
  to   space 17408K, 0% used [0x00000000fd780000,0x00000000fd780000,0x00000000fe880000)
 ParOldGen       total 325632K, used 179146K [0x0000000087200000, 0x000000009b000000, 0x00000000d7b80000)
  object space 325632K, 55% used [0x0000000087200000,0x00000000920f29b8,0x000000009b000000)
 Metaspace       used 50380K, capacity 51216K, committed 51416K, reserved 1095680K
  class space    used 5620K, capacity 5888K, committed 5888K, reserved 1048576K
}
Event: 1003.943 GC heap before
{Heap before GC invocations=668 (full 12):
 PSYoungGen      total 591872K, used 591446K [0x00000000d7b80000, 0x00000000fe880000, 0x0000000100000000)
  eden space 590848K, 100% used [0x00000000d7b80000,0x00000000fbc80000,0x00000000fbc80000)
  from space 1024K, 58% used [0x00000000fd580000,0x00000000fd615ac0,0x00000000fd680000)
  to   space 17408K, 0% used [0x00000000fd780000,0x00000000fd780000,0x00000000fe880000)
 ParOldGen       total 325632K, used 179146K [0x0000000087200000, 0x000000009b000000, 0x00000000d7b80000)
  object space 325632K, 55% used [0x0000000087200000,0x00000000920f29b8,0x000000009b000000)
 Metaspace       used 50382K, capacity 51218K, committed 51544K, reserved 1095680K
  class space    used 5621K, capacity 5889K, committed 6016K, reserved 1048576K
Event: 1003.949 GC heap after
Heap after GC invocations=668 (full 12):
 PSYoungGen      total 567296K, used 672K [0x00000000d7b80000, 0x00000000fd880000, 0x0000000100000000)
  eden space 566272K, 0% used [0x00000000d7b80000,0x00000000d7b80000,0x00000000fa480000)
  from space 1024K, 65% used [0x00000000fd780000,0x00000000fd828040,0x00000000fd880000)
  to   space 15872K, 0% used [0x00000000fb980000,0x00000000fb980000,0x00000000fc900000)
 ParOldGen       total 325632K, used 179146K [0x0000000087200000, 0x000000009b000000, 0x00000000d7b80000)
  object space 325632K, 55% used [0x0000000087200000,0x00000000920f29b8,0x000000009b000000)
 Metaspace       used 50382K, capacity 51218K, committed 51544K, reserved 1095680K
  class space    used 5621K, capacity 5889K, committed 6016K, reserved 1048576K
}
Event: 1004.964 GC heap before
{Heap before GC invocations=669 (full 12):
 PSYoungGen      total 567296K, used 566944K [0x00000000d7b80000, 0x00000000fd880000, 0x0000000100000000)
  eden space 566272K, 100% used [0x00000000d7b80000,0x00000000fa480000,0x00000000fa480000)
  from space 1024K, 65% used [0x00000000fd780000,0x00000000fd828040,0x00000000fd880000)
  to   space 15872K, 0% used [0x00000000fb980000,0x00000000fb980000,0x00000000fc900000)
 ParOldGen       total 325632K, used 179146K [0x0000000087200000, 0x000000009b000000, 0x00000000d7b80000)
  object space 325632K, 55% used [0x0000000087200000,0x00000000920f29b8,0x000000009b000000)
 Metaspace       used 50382K, capacity 51218K, committed 51544K, reserved 1095680K
  class space    used 5621K, capacity 5889K, committed 6016K, reserved 1048576K
Event: 1004.969 GC heap after
Heap after GC invocations=669 (full 12):
 PSYoungGen      total 603648K, used 672K [0x00000000d7b80000, 0x00000000fed80000, 0x0000000100000000)
  eden space 587776K, 0% used [0x00000000d7b80000,0x00000000d7b80000,0x00000000fb980000)
  from space 15872K, 4% used [0x00000000fb980000,0x00000000fba28040,0x00000000fc900000)
  to   space 14848K, 0% used [0x00000000fdf00000,0x00000000fdf00000,0x00000000fed80000)
 ParOldGen       total 325632K, used 179146K [0x0000000087200000, 0x000000009b000000, 0x00000000d7b80000)
  object space 325632K, 55% used [0x0000000087200000,0x00000000920f29b8,0x000000009b000000)
 Metaspace       used 50382K, capacity 51218K, committed 51544K, reserved 1095680K
  class space    used 5621K, capacity 5889K, committed 6016K, reserved 1048576K
}
Event: 1005.928 GC heap before
{Heap before GC invocations=670 (full 12):
 PSYoungGen      total 603648K, used 588448K [0x00000000d7b80000, 0x00000000fed80000, 0x0000000100000000)
  eden space 587776K, 100% used [0x00000000d7b80000,0x00000000fb980000,0x00000000fb980000)
  from space 15872K, 4% used [0x00000000fb980000,0x00000000fba28040,0x00000000fc900000)
  to   space 14848K, 0% used [0x00000000fdf00000,0x00000000fdf00000,0x00000000fed80000)
 ParOldGen       total 325632K, used 179146K [0x0000000087200000, 0x000000009b000000, 0x00000000d7b80000)
  object space 325632K, 55% used [0x0000000087200000,0x00000000920f29b8,0x000000009b000000)
 Metaspace       used 50382K, capacity 51218K, committed 51544K, reserved 1095680K
  class space    used 5621K, capacity 5889K, committed 6016K, reserved 1048576K
Event: 1005.959 GC heap after
Heap after GC invocations=670 (full 12):
 PSYoungGen      total 627712K, used 720K [0x00000000d7b80000, 0x00000000ffc00000, 0x0000000100000000)
  eden space 612864K, 0% used [0x00000000d7b80000,0x00000000d7b80000,0x00000000fd200000)
  from space 14848K, 4% used [0x00000000fdf00000,0x00000000fdfb4030,0x00000000fed80000)
  to   space 13312K, 0% used [0x00000000fd200000,0x00000000fd200000,0x00000000fdf00000)
 ParOldGen       total 325632K, used 179146K [0x0000000087200000, 0x000000009b000000, 0x00000000d7b80000)
  object space 325632K, 55% used [0x0000000087200000,0x00000000920f29b8,0x000000009b000000)
 Metaspace       used 50382K, capacity 51218K, committed 51544K, reserved 1095680K
  class space    used 5621K, capacity 5889K, committed 6016K, reserved 1048576K
}
Event: 1007.053 GC heap before
{Heap before GC invocations=671 (full 12):
 PSYoungGen      total 627712K, used 613584K [0x00000000d7b80000, 0x00000000ffc00000, 0x0000000100000000)
  eden space 612864K, 100% used [0x00000000d7b80000,0x00000000fd200000,0x00000000fd200000)
  from space 14848K, 4% used [0x00000000fdf00000,0x00000000fdfb4030,0x00000000fed80000)
  to   space 13312K, 0% used [0x00000000fd200000,0x00000000fd200000,0x00000000fdf00000)
 ParOldGen       total 325632K, used 179146K [0x0000000087200000, 0x000000009b000000, 0x00000000d7b80000)
  object space 325632K, 55% used [0x0000000087200000,0x00000000920f29b8,0x000000009b000000)
 Metaspace       used 50382K, capacity 51218K, committed 51544K, reserved 1095680K
  class space    used 5621K, capacity 5889K, committed 6016K, reserved 1048576K
Event: 1007.059 GC heap after
Heap after GC invocations=671 (full 12):
 PSYoungGen      total 626176K, used 688K [0x00000000d7b80000, 0x00000000ffc80000, 0x0000000100000000)
  eden space 612864K, 0% used [0x00000000d7b80000,0x00000000d7b80000,0x00000000fd200000)
  from space 13312K, 5% used [0x00000000fd200000,0x00000000fd2ac030,0x00000000fdf00000)
  to   space 12288K, 0% used [0x00000000ff080000,0x00000000ff080000,0x00000000ffc80000)
 ParOldGen       total 325632K, used 179146K [0x0000000087200000, 0x000000009b000000, 0x00000000d7b80000)
  object space 325632K, 55% used [0x0000000087200000,0x00000000920f29b8,0x000000009b000000)
 Metaspace       used 50382K, capacity 51218K, committed 51544K, reserved 1095680K
  class space    used 5621K, capacity 5889K, committed 6016K, reserved 1048576K
}

